<?xml version="1.0" encoding="UTF-8"?>
<!-- Generated by org.testng.reporters.JUnitReportReporter -->
<testsuite hostname="DESKTOP-C0RMBGR" failures="0" tests="2" name="com.crowdar.bdd.cukes.TestNGSecuencialRunner" time="87.003" errors="0" timestamp="28 may. 2024 03:42:09 GMT" skipped="0">
  <testcase classname="com.crowdar.bdd.cukes.TestNGSecuencialRunner" name="runScenario" time="22.455"/>
  <testcase classname="com.crowdar.bdd.cukes.TestNGSecuencialRunner" name="runScenario" time="64.548"/>
</testsuite> <!-- com.crowdar.bdd.cukes.TestNGSecuencialRunner -->
