<?xml version="1.0" encoding="UTF-8"?>
<!-- Generated by org.testng.reporters.JUnitReportReporter -->
<testsuite hostname="DESKTOP-C0RMBGR" failures="0" tests="1" name="com.crowdar.bdd.cukes.TestNGSecuencialRunner" time="62.153" errors="0" timestamp="21 jun. 2024 02:23:04 GMT" skipped="0">
  <testcase classname="com.crowdar.bdd.cukes.TestNGSecuencialRunner" name="runScenario" time="62.153"/>
</testsuite> <!-- com.crowdar.bdd.cukes.TestNGSecuencialRunner -->
